{"numFailedTestSuites":2,"numFailedTests":0,"numPassedTestSuites":0,"numPassedTests":0,"numPendingTestSuites":0,"numPendingTests":0,"numRuntimeErrorTestSuites":2,"numTodoTests":0,"numTotalTestSuites":2,"numTotalTests":0,"openHandles":[],"snapshot":{"added":0,"didUpdate":false,"failure":false,"filesAdded":0,"filesRemoved":0,"filesRemovedList":[],"filesUnmatched":0,"filesUpdated":0,"matched":0,"total":0,"unchecked":0,"uncheckedKeysByFile":[],"unmatched":0,"updated":0},"startTime":1774090177867,"success":false,"testResults":[{"assertionResults":[],"coverage":{},"endTime":1774090182301,"message":"  \u001b[1m● \u001b[22mTest suite failed to run\n\n    \u001b[1m\u001b[31mJest encountered an unexpected token\u001b[39m\u001b[22m\n\n    Jest failed to parse a file. This happens e.g. when your code or its dependencies use non-standard JavaScript syntax, or when Jest is not configured to support such syntax.\n\n    Out of the box Jest supports Babel, which will be used to transform your files into valid JS based on your Babel configuration.\n\n    By default \"node_modules\" folder is ignored by transformers.\n\n    Here's what you can do:\n     • If you are trying to use ECMAScript Modules, see \u001b[4mhttps://jestjs.io/docs/ecmascript-modules\u001b[24m for how to enable it.\n     • If you are trying to use TypeScript, see \u001b[4mhttps://jestjs.io/docs/getting-started#using-typescript\u001b[24m\n     • To have some of your \"node_modules\" files transformed, you can specify a custom \u001b[1m\"transformIgnorePatterns\"\u001b[22m in your config.\n     • If you need a custom transformation, specify a \u001b[1m\"transform\"\u001b[22m option in your config.\n     • If you simply want to mock your non-JS modules (e.g. binary assets) you can stub them out with the \u001b[1m\"moduleNameMapper\"\u001b[22m config option.\n\n    You'll find more details and examples of these config options in the docs:\n    \u001b[36mhttps://jestjs.io/docs/configuration\u001b[39m\n    For information about custom transformations, see:\n    \u001b[36mhttps://jestjs.io/docs/code-transformation\u001b[39m\n\n    \u001b[1m\u001b[31mDetails:\u001b[39m\u001b[22m\n\n    C:\\Users\\khadi\\Desktop\\cc\\carlaville\\backend\\node_modules\\nanoid\\index.js:1\n    import { webcrypto as crypto } from 'node:crypto'\n    ^^^^^^\n\n    SyntaxError: Cannot use import statement outside a module\n\n    \u001b[0m \u001b[90m 11 |\u001b[39m \u001b[36mimport\u001b[39m { \u001b[33mFilterReservationDto\u001b[39m } \u001b[36mfrom\u001b[39m \u001b[32m'./dto/filter-reservation.dto'\u001b[39m\u001b[33m;\u001b[39m\n     \u001b[90m 12 |\u001b[39m \u001b[36mimport\u001b[39m { \u001b[33mReservationStatus\u001b[39m } \u001b[36mfrom\u001b[39m \u001b[32m'../common/enums/reservation-status.enum'\u001b[39m\u001b[33m;\u001b[39m\n    \u001b[31m\u001b[1m>\u001b[22m\u001b[39m\u001b[90m 13 |\u001b[39m \u001b[36mimport\u001b[39m { customAlphabet } \u001b[36mfrom\u001b[39m \u001b[32m'nanoid'\u001b[39m\u001b[33m;\u001b[39m\n     \u001b[90m    |\u001b[39m \u001b[31m\u001b[1m^\u001b[22m\u001b[39m\n     \u001b[90m 14 |\u001b[39m \u001b[36mimport\u001b[39m {\n     \u001b[90m 15 |\u001b[39m   \u001b[33mReservationDayControl\u001b[39m\u001b[33m,\u001b[39m\n     \u001b[90m 16 |\u001b[39m   \u001b[33mReservationDayControlDocument\u001b[39m\u001b[33m,\u001b[39m\u001b[0m\n\n      \u001b[2mat Runtime.createScriptFromCode (\u001b[22m../node_modules/jest-runtime/build/index.js\u001b[2m:1314:40)\u001b[22m\n      \u001b[2mat Object.<anonymous> (\u001b[22mreservations/reservations.service.ts\u001b[2m:13:1)\u001b[22m\n      \u001b[2mat Object.<anonymous> (\u001b[22m\u001b[0m\u001b[36mreservations/reservations.service.spec.ts\u001b[39m\u001b[0m\u001b[2m:3:1)\u001b[22m\n","name":"C:\\Users\\khadi\\Desktop\\cc\\carlaville\\backend\\src\\reservations\\reservations.service.spec.ts","startTime":1774090182301,"status":"failed","summary":""},{"assertionResults":[],"coverage":{},"endTime":1774090182301,"message":"  \u001b[1m● \u001b[22mTest suite failed to run\n\n    \u001b[1m\u001b[31mJest encountered an unexpected token\u001b[39m\u001b[22m\n\n    Jest failed to parse a file. This happens e.g. when your code or its dependencies use non-standard JavaScript syntax, or when Jest is not configured to support such syntax.\n\n    Out of the box Jest supports Babel, which will be used to transform your files into valid JS based on your Babel configuration.\n\n    By default \"node_modules\" folder is ignored by transformers.\n\n    Here's what you can do:\n     • If you are trying to use ECMAScript Modules, see \u001b[4mhttps://jestjs.io/docs/ecmascript-modules\u001b[24m for how to enable it.\n     • If you are trying to use TypeScript, see \u001b[4mhttps://jestjs.io/docs/getting-started#using-typescript\u001b[24m\n     • To have some of your \"node_modules\" files transformed, you can specify a custom \u001b[1m\"transformIgnorePatterns\"\u001b[22m in your config.\n     • If you need a custom transformation, specify a \u001b[1m\"transform\"\u001b[22m option in your config.\n     • If you simply want to mock your non-JS modules (e.g. binary assets) you can stub them out with the \u001b[1m\"moduleNameMapper\"\u001b[22m config option.\n\n    You'll find more details and examples of these config options in the docs:\n    \u001b[36mhttps://jestjs.io/docs/configuration\u001b[39m\n    For information about custom transformations, see:\n    \u001b[36mhttps://jestjs.io/docs/code-transformation\u001b[39m\n\n    \u001b[1m\u001b[31mDetails:\u001b[39m\u001b[22m\n\n    C:\\Users\\khadi\\Desktop\\cc\\carlaville\\backend\\node_modules\\nanoid\\index.js:1\n    import { webcrypto as crypto } from 'node:crypto'\n    ^^^^^^\n\n    SyntaxError: Cannot use import statement outside a module\n\n    \u001b[0m \u001b[90m 11 |\u001b[39m \u001b[36mimport\u001b[39m { \u001b[33mFilterReservationDto\u001b[39m } \u001b[36mfrom\u001b[39m \u001b[32m'./dto/filter-reservation.dto'\u001b[39m\u001b[33m;\u001b[39m\n     \u001b[90m 12 |\u001b[39m \u001b[36mimport\u001b[39m { \u001b[33mReservationStatus\u001b[39m } \u001b[36mfrom\u001b[39m \u001b[32m'../common/enums/reservation-status.enum'\u001b[39m\u001b[33m;\u001b[39m\n    \u001b[31m\u001b[1m>\u001b[22m\u001b[39m\u001b[90m 13 |\u001b[39m \u001b[36mimport\u001b[39m { customAlphabet } \u001b[36mfrom\u001b[39m \u001b[32m'nanoid'\u001b[39m\u001b[33m;\u001b[39m\n     \u001b[90m    |\u001b[39m \u001b[31m\u001b[1m^\u001b[22m\u001b[39m\n     \u001b[90m 14 |\u001b[39m \u001b[36mimport\u001b[39m {\n     \u001b[90m 15 |\u001b[39m   \u001b[33mReservationDayControl\u001b[39m\u001b[33m,\u001b[39m\n     \u001b[90m 16 |\u001b[39m   \u001b[33mReservationDayControlDocument\u001b[39m\u001b[33m,\u001b[39m\u001b[0m\n\n      \u001b[2mat Runtime.createScriptFromCode (\u001b[22m../node_modules/jest-runtime/build/index.js\u001b[2m:1314:40)\u001b[22m\n      \u001b[2mat Object.<anonymous> (\u001b[22mreservations/reservations.service.ts\u001b[2m:13:1)\u001b[22m\n      \u001b[2mat Object.<anonymous> (\u001b[22mreservations/reservations.controller.ts\u001b[2m:17:1)\u001b[22m\n      \u001b[2mat Object.<anonymous> (\u001b[22m\u001b[0m\u001b[36mreservations/reservations.controller.spec.ts\u001b[39m\u001b[0m\u001b[2m:2:1)\u001b[22m\n","name":"C:\\Users\\khadi\\Desktop\\cc\\carlaville\\backend\\src\\reservations\\reservations.controller.spec.ts","startTime":1774090182301,"status":"failed","summary":""}],"wasInterrupted":false}
